build/app/intermediates/manifest_merge_blame_file/release/manifest-merger-blame-release-report.txt
1<?xml version="1.0" encoding="utf-8"?>
2<manifest xmlns:android="http://schemas.android.com/apk/res/android"
3    package="com.techmind.planc"
4    android:versionCode="2"
5    android:versionName="1.0.1" >
6
7    <uses-sdk
8        android:minSdkVersion="19"
8-->src/main/AndroidManifest.xml
9        android:targetSdkVersion="30" />
9-->src/main/AndroidManifest.xml
10
11    <uses-permission android:name="android.permission.INTERNET" />
11-->src/main/AndroidManifest.xml:4:5-66
11-->src/main/AndroidManifest.xml:4:22-64
12    <uses-permission android:name="android.permission.ACCESS_FINE_LOCATION" />
12-->src/main/AndroidManifest.xml:5:5-78
12-->src/main/AndroidManifest.xml:5:22-76
13    <uses-permission android:name="android.permission.ACCESS_COARSE_LOCATION" />
13-->src/main/AndroidManifest.xml:6:5-80
13-->src/main/AndroidManifest.xml:6:22-78
14    <uses-permission android:name="android.permission.ACCESS_NETWORK_STATE" />
14-->src/main/AndroidManifest.xml:7:5-79
14-->src/main/AndroidManifest.xml:7:22-76
15    <uses-permission android:name="android.permission.WAKE_LOCK" />
15-->[:firebase_messaging] AndroidManifest.xml:8:5-68
15-->[:firebase_messaging] AndroidManifest.xml:8:22-65
16
17    <queries>
17-->[:map_launcher] AndroidManifest.xml:7:5-20:15
18        <package android:name="com.google.android.apps.maps" />
18-->[:map_launcher] AndroidManifest.xml:8:9-64
18-->[:map_launcher] AndroidManifest.xml:8:18-61
19        <package android:name="com.google.android.apps.mapslite" />
19-->[:map_launcher] AndroidManifest.xml:8:9-64
19-->[:map_launcher] AndroidManifest.xml:8:18-61
20        <package android:name="com.autonavi.minimap" />
20-->[:map_launcher] AndroidManifest.xml:8:9-64
20-->[:map_launcher] AndroidManifest.xml:8:18-61
21        <package android:name="com.baidu.BaiduMap" />
21-->[:map_launcher] AndroidManifest.xml:8:9-64
21-->[:map_launcher] AndroidManifest.xml:8:18-61
22        <package android:name="com.waze" />
22-->[:map_launcher] AndroidManifest.xml:8:9-64
22-->[:map_launcher] AndroidManifest.xml:8:18-61
23        <package android:name="ru.yandex.yandexnavi" />
23-->[:map_launcher] AndroidManifest.xml:8:9-64
23-->[:map_launcher] AndroidManifest.xml:8:18-61
24        <package android:name="ru.yandex.yandexmaps" />
24-->[:map_launcher] AndroidManifest.xml:8:9-64
24-->[:map_launcher] AndroidManifest.xml:8:18-61
25        <package android:name="com.citymapper.app.release" />
25-->[:map_launcher] AndroidManifest.xml:8:9-64
25-->[:map_launcher] AndroidManifest.xml:8:18-61
26        <package android:name="com.mapswithme.maps.pro" />
26-->[:map_launcher] AndroidManifest.xml:8:9-64
26-->[:map_launcher] AndroidManifest.xml:8:18-61
27        <package android:name="net.osmand" />
27-->[:map_launcher] AndroidManifest.xml:8:9-64
27-->[:map_launcher] AndroidManifest.xml:8:18-61
28        <package android:name="ru.dublgis.dgismobile" />
28-->[:map_launcher] AndroidManifest.xml:8:9-64
28-->[:map_launcher] AndroidManifest.xml:8:18-61
29        <package android:name="com.tencent.map" />
29-->[:map_launcher] AndroidManifest.xml:8:9-64
29-->[:map_launcher] AndroidManifest.xml:8:18-61
30    </queries> <!-- Required by older versions of Google Play services to create IID tokens -->
31    <uses-permission android:name="com.google.android.c2dm.permission.RECEIVE" />
31-->[com.google.firebase:firebase-iid:21.0.1] AndroidManifest.xml:26:5-82
31-->[com.google.firebase:firebase-iid:21.0.1] AndroidManifest.xml:26:22-79
32
33    <uses-feature
33-->[com.google.android.gms:play-services-maps:17.0.0] AndroidManifest.xml:26:5-28:35
34        android:glEsVersion="0x00020000"
34-->[com.google.android.gms:play-services-maps:17.0.0] AndroidManifest.xml:27:9-41
35        android:required="true" />
35-->[com.google.android.gms:play-services-maps:17.0.0] AndroidManifest.xml:28:9-32
36    <!--
37 io.flutter.app.FlutterApplication is an android.app.Application that
38         calls FlutterMain.startInitialization(this); in its onCreate method.
39         In most cases you can leave this as-is, but you if you want to provide
40         additional functionality it is fine to subclass or reimplement
41         FlutterApplication and put your custom class here.
42    -->
43    <application
43-->src/main/AndroidManifest.xml:13:5-55:19
44        android:name="androidx.multidex.MultiDexApplication"
45        android:appComponentFactory="androidx.core.app.CoreComponentFactory"
45-->[androidx.core:core:1.6.0] AndroidManifest.xml:24:18-86
46        android:icon="@mipmap/ic_launcher"
46-->src/main/AndroidManifest.xml:15:9-43
47        android:label="Services Provider"
47-->src/main/AndroidManifest.xml:14:9-42
48        android:usesCleartextTraffic="true" >
48-->src/main/AndroidManifest.xml:16:9-44
49        <meta-data
49-->src/main/AndroidManifest.xml:18:9-19:77
50            android:name="com.google.android.geo.API_KEY"
50-->src/main/AndroidManifest.xml:18:20-65
51            android:value="AIzaSyC3YYz8jqvHY3Yup1lzIdlU51FsjHKH5yE" />
51-->src/main/AndroidManifest.xml:19:20-75
52
53        <activity
53-->src/main/AndroidManifest.xml:21:9-49:20
54            android:name="com.techmind.planc.MainActivity"
54-->src/main/AndroidManifest.xml:22:13-41
55            android:configChanges="orientation|keyboardHidden|keyboard|screenSize|smallestScreenSize|locale|layoutDirection|fontScale|screenLayout|density|uiMode"
55-->src/main/AndroidManifest.xml:25:13-163
56            android:hardwareAccelerated="true"
56-->src/main/AndroidManifest.xml:26:13-47
57            android:launchMode="singleTop"
57-->src/main/AndroidManifest.xml:23:13-43
58            android:theme="@style/LaunchTheme"
58-->src/main/AndroidManifest.xml:24:13-47
59            android:windowSoftInputMode="adjustResize" >
59-->src/main/AndroidManifest.xml:27:13-55
60
61            <!--
62                 Specifies an Android theme to apply to this Activity as soon as
63                 the Android process has started. This theme is visible to the user
64                 while the Flutter UI initializes. After that, this theme continues
65                 to determine the Window background behind the Flutter UI.
66            -->
67            <meta-data
67-->src/main/AndroidManifest.xml:32:13-35:17
68                android:name="io.flutter.embedding.android.NormalTheme"
68-->src/main/AndroidManifest.xml:33:15-70
69                android:resource="@style/NormalTheme" />
69-->src/main/AndroidManifest.xml:34:15-52
70            <!--
71                 Displays an Android View that continues showing the launch screen
72                 Drawable until Flutter paints its first frame, then this splash
73                 screen fades out. A splash screen is useful to avoid any visual
74                 gap between the end of Android's launch screen and the painting of
75                 Flutter's first frame.
76            -->
77            <meta-data
77-->src/main/AndroidManifest.xml:41:13-44:17
78                android:name="io.flutter.embedding.android.SplashScreenDrawable"
78-->src/main/AndroidManifest.xml:42:15-79
79                android:resource="@drawable/launch_background" />
79-->src/main/AndroidManifest.xml:43:15-61
80
81            <intent-filter>
81-->src/main/AndroidManifest.xml:45:13-48:29
82                <action android:name="android.intent.action.MAIN" />
82-->src/main/AndroidManifest.xml:46:17-68
82-->src/main/AndroidManifest.xml:46:25-66
83
84                <category android:name="android.intent.category.LAUNCHER" />
84-->src/main/AndroidManifest.xml:47:17-76
84-->src/main/AndroidManifest.xml:47:27-74
85            </intent-filter>
86        </activity>
87        <!--
88             Don't delete the meta-data below.
89             This is used by the Flutter tool to generate GeneratedPluginRegistrant.java
90        -->
91        <meta-data
91-->src/main/AndroidManifest.xml:52:9-54:33
92            android:name="flutterEmbedding"
92-->src/main/AndroidManifest.xml:53:13-44
93            android:value="2" />
93-->src/main/AndroidManifest.xml:54:13-30
94
95        <service
95-->[:cloud_firestore] AndroidManifest.xml:8:9-12:19
96            android:name="com.google.firebase.components.ComponentDiscoveryService"
96-->[:cloud_firestore] AndroidManifest.xml:8:18-89
97            android:directBootAware="true"
97-->[com.google.firebase:firebase-common:19.5.0] AndroidManifest.xml:35:13-43
98            android:exported="false" >
98-->[com.google.firebase:firebase-messaging:21.0.1] AndroidManifest.xml:38:13-37
99            <meta-data
99-->[:cloud_firestore] AndroidManifest.xml:9:13-11:85
100                android:name="com.google.firebase.components:io.flutter.plugins.firebase.firestore.FlutterFirebaseFirestoreRegistrar"
100-->[:cloud_firestore] AndroidManifest.xml:10:17-134
101                android:value="com.google.firebase.components.ComponentRegistrar" />
101-->[:cloud_firestore] AndroidManifest.xml:11:17-82
102            <meta-data
102-->[:firebase_auth] AndroidManifest.xml:9:13-11:85
103                android:name="com.google.firebase.components:io.flutter.plugins.firebase.auth.FlutterFirebaseAuthRegistrar"
103-->[:firebase_auth] AndroidManifest.xml:10:17-124
104                android:value="com.google.firebase.components.ComponentRegistrar" />
104-->[:firebase_auth] AndroidManifest.xml:11:17-82
105            <meta-data
105-->[:firebase_messaging] AndroidManifest.xml:34:13-36:85
106                android:name="com.google.firebase.components:io.flutter.plugins.firebase.messaging.FlutterFirebaseAppRegistrar"
106-->[:firebase_messaging] AndroidManifest.xml:35:17-128
107                android:value="com.google.firebase.components.ComponentRegistrar" />
107-->[:firebase_messaging] AndroidManifest.xml:36:17-82
108            <meta-data
108-->[:firebase_core] AndroidManifest.xml:9:13-11:85
109                android:name="com.google.firebase.components:io.flutter.plugins.firebase.core.FlutterFirebaseCoreRegistrar"
109-->[:firebase_core] AndroidManifest.xml:10:17-124
110                android:value="com.google.firebase.components.ComponentRegistrar" />
110-->[:firebase_core] AndroidManifest.xml:11:17-82
111            <meta-data
111-->[com.google.firebase:firebase-messaging:21.0.1] AndroidManifest.xml:39:13-41:85
112                android:name="com.google.firebase.components:com.google.firebase.messaging.FirebaseMessagingRegistrar"
112-->[com.google.firebase:firebase-messaging:21.0.1] AndroidManifest.xml:40:17-119
113                android:value="com.google.firebase.components.ComponentRegistrar" />
113-->[com.google.firebase:firebase-messaging:21.0.1] AndroidManifest.xml:41:17-82
114            <meta-data
114-->[com.google.firebase:firebase-datatransport:17.0.10] AndroidManifest.xml:28:13-30:85
115                android:name="com.google.firebase.components:com.google.firebase.datatransport.TransportRegistrar"
115-->[com.google.firebase:firebase-datatransport:17.0.10] AndroidManifest.xml:29:17-115
116                android:value="com.google.firebase.components.ComponentRegistrar" />
116-->[com.google.firebase:firebase-datatransport:17.0.10] AndroidManifest.xml:30:17-82
117            <meta-data
117-->[com.google.firebase:firebase-iid:21.0.1] AndroidManifest.xml:32:13-34:85
118                android:name="com.google.firebase.components:com.google.firebase.iid.Registrar"
118-->[com.google.firebase:firebase-iid:21.0.1] AndroidManifest.xml:33:17-96
119                android:value="com.google.firebase.components.ComponentRegistrar" />
119-->[com.google.firebase:firebase-iid:21.0.1] AndroidManifest.xml:34:17-82
120            <meta-data
120-->[com.google.firebase:firebase-installations:16.3.5] AndroidManifest.xml:18:13-20:85
121                android:name="com.google.firebase.components:com.google.firebase.installations.FirebaseInstallationsRegistrar"
121-->[com.google.firebase:firebase-installations:16.3.5] AndroidManifest.xml:19:17-127
122                android:value="com.google.firebase.components.ComponentRegistrar" />
122-->[com.google.firebase:firebase-installations:16.3.5] AndroidManifest.xml:20:17-82
123            <meta-data
123-->[com.google.firebase:firebase-auth:20.0.1] AndroidManifest.xml:77:13-79:85
124                android:name="com.google.firebase.components:com.google.firebase.auth.FirebaseAuthRegistrar"
124-->[com.google.firebase:firebase-auth:20.0.1] AndroidManifest.xml:78:17-109
125                android:value="com.google.firebase.components.ComponentRegistrar" />
125-->[com.google.firebase:firebase-auth:20.0.1] AndroidManifest.xml:79:17-82
126            <meta-data
126-->[com.google.firebase:firebase-firestore:22.0.1] AndroidManifest.xml:20:13-22:85
127                android:name="com.google.firebase.components:com.google.firebase.firestore.FirestoreRegistrar"
127-->[com.google.firebase:firebase-firestore:22.0.1] AndroidManifest.xml:21:17-111
128                android:value="com.google.firebase.components.ComponentRegistrar" />
128-->[com.google.firebase:firebase-firestore:22.0.1] AndroidManifest.xml:22:17-82
129            <!--
130                This registrar is not defined in the dynamic-module-support sdk itself to allow non-firebase
131                clients to use it as well, by defining this registrar in their own core/common library.
132            -->
133            <meta-data
133-->[com.google.firebase:firebase-common:19.5.0] AndroidManifest.xml:43:13-45:85
134                android:name="com.google.firebase.components:com.google.firebase.dynamicloading.DynamicLoadingRegistrar"
134-->[com.google.firebase:firebase-common:19.5.0] AndroidManifest.xml:44:17-121
135                android:value="com.google.firebase.components.ComponentRegistrar" />
135-->[com.google.firebase:firebase-common:19.5.0] AndroidManifest.xml:45:17-82
136        </service>
137        <service
137-->[:firebase_messaging] AndroidManifest.xml:12:9-15:72
138            android:name="io.flutter.plugins.firebase.messaging.FlutterFirebaseMessagingBackgroundService"
138-->[:firebase_messaging] AndroidManifest.xml:13:13-107
139            android:exported="false"
139-->[:firebase_messaging] AndroidManifest.xml:14:13-37
140            android:permission="android.permission.BIND_JOB_SERVICE" />
140-->[:firebase_messaging] AndroidManifest.xml:15:13-69
141        <service
141-->[:firebase_messaging] AndroidManifest.xml:16:9-22:19
142            android:name="io.flutter.plugins.firebase.messaging.FlutterFirebaseMessagingService"
142-->[:firebase_messaging] AndroidManifest.xml:17:13-97
143            android:exported="false" >
143-->[:firebase_messaging] AndroidManifest.xml:18:13-37
144            <intent-filter>
144-->[:firebase_messaging] AndroidManifest.xml:19:13-21:29
145                <action android:name="com.google.firebase.MESSAGING_EVENT" />
145-->[:firebase_messaging] AndroidManifest.xml:20:17-78
145-->[:firebase_messaging] AndroidManifest.xml:20:25-75
146            </intent-filter>
147        </service>
148
149        <receiver
149-->[:firebase_messaging] AndroidManifest.xml:24:9-31:20
150            android:name="io.flutter.plugins.firebase.messaging.FlutterFirebaseMessagingReceiver"
150-->[:firebase_messaging] AndroidManifest.xml:25:13-98
151            android:exported="true"
151-->[:firebase_messaging] AndroidManifest.xml:26:13-36
152            android:permission="com.google.android.c2dm.permission.SEND" >
152-->[:firebase_messaging] AndroidManifest.xml:27:13-73
153            <intent-filter>
153-->[:firebase_messaging] AndroidManifest.xml:28:13-30:29
154                <action android:name="com.google.android.c2dm.intent.RECEIVE" />
154-->[:firebase_messaging] AndroidManifest.xml:29:17-81
154-->[:firebase_messaging] AndroidManifest.xml:29:25-78
155            </intent-filter>
156        </receiver>
157
158        <provider
158-->[:firebase_messaging] AndroidManifest.xml:39:9-43:38
159            android:name="io.flutter.plugins.firebase.messaging.FlutterFirebaseMessagingInitProvider"
159-->[:firebase_messaging] AndroidManifest.xml:40:13-102
160            android:authorities="com.techmind.planc.flutterfirebasemessaginginitprovider"
160-->[:firebase_messaging] AndroidManifest.xml:41:13-88
161            android:exported="false"
161-->[:firebase_messaging] AndroidManifest.xml:42:13-37
162            android:initOrder="99" />
162-->[:firebase_messaging] AndroidManifest.xml:43:13-35
163        <provider
163-->[:image_picker] AndroidManifest.xml:8:9-16:20
164            android:name="io.flutter.plugins.imagepicker.ImagePickerFileProvider"
164-->[:image_picker] AndroidManifest.xml:9:13-82
165            android:authorities="com.techmind.planc.flutter.image_provider"
165-->[:image_picker] AndroidManifest.xml:10:13-74
166            android:exported="false"
166-->[:image_picker] AndroidManifest.xml:11:13-37
167            android:grantUriPermissions="true" >
167-->[:image_picker] AndroidManifest.xml:12:13-47
168            <meta-data
168-->[:image_picker] AndroidManifest.xml:13:13-15:75
169                android:name="android.support.FILE_PROVIDER_PATHS"
169-->[:image_picker] AndroidManifest.xml:14:17-67
170                android:resource="@xml/flutter_image_picker_file_paths" />
170-->[:image_picker] AndroidManifest.xml:15:17-72
171        </provider>
172
173        <uses-library
173-->[androidx.window:window:1.0.0-beta04] AndroidManifest.xml:25:9-27:40
174            android:name="androidx.window.extensions"
174-->[androidx.window:window:1.0.0-beta04] AndroidManifest.xml:26:13-54
175            android:required="false" />
175-->[androidx.window:window:1.0.0-beta04] AndroidManifest.xml:27:13-37
176        <uses-library
176-->[androidx.window:window:1.0.0-beta04] AndroidManifest.xml:28:9-30:40
177            android:name="androidx.window.sidecar"
177-->[androidx.window:window:1.0.0-beta04] AndroidManifest.xml:29:13-51
178            android:required="false" />
178-->[androidx.window:window:1.0.0-beta04] AndroidManifest.xml:30:13-37
179        <!--
180             FirebaseMessagingService performs security checks at runtime,
181             but set to not exported to explicitly avoid allowing another app to call it.
182        -->
183        <service
183-->[com.google.firebase:firebase-messaging:21.0.1] AndroidManifest.xml:28:9-35:19
184            android:name="com.google.firebase.messaging.FirebaseMessagingService"
184-->[com.google.firebase:firebase-messaging:21.0.1] AndroidManifest.xml:29:13-82
185            android:directBootAware="true"
185-->[com.google.firebase:firebase-messaging:21.0.1] AndroidManifest.xml:30:13-43
186            android:exported="false" >
186-->[com.google.firebase:firebase-messaging:21.0.1] AndroidManifest.xml:31:13-37
187            <intent-filter android:priority="-500" >
187-->[:firebase_messaging] AndroidManifest.xml:19:13-21:29
188                <action android:name="com.google.firebase.MESSAGING_EVENT" />
188-->[:firebase_messaging] AndroidManifest.xml:20:17-78
188-->[:firebase_messaging] AndroidManifest.xml:20:25-75
189            </intent-filter>
190        </service>
191
192        <receiver
192-->[com.google.firebase:firebase-iid:21.0.1] AndroidManifest.xml:37:9-44:20
193            android:name="com.google.firebase.iid.FirebaseInstanceIdReceiver"
193-->[com.google.firebase:firebase-iid:21.0.1] AndroidManifest.xml:38:13-78
194            android:exported="true"
194-->[com.google.firebase:firebase-iid:21.0.1] AndroidManifest.xml:39:13-36
195            android:permission="com.google.android.c2dm.permission.SEND" >
195-->[com.google.firebase:firebase-iid:21.0.1] AndroidManifest.xml:40:13-73
196            <intent-filter>
196-->[:firebase_messaging] AndroidManifest.xml:28:13-30:29
197                <action android:name="com.google.android.c2dm.intent.RECEIVE" />
197-->[:firebase_messaging] AndroidManifest.xml:29:17-81
197-->[:firebase_messaging] AndroidManifest.xml:29:25-78
198            </intent-filter>
199        </receiver>
200
201        <activity
201-->[com.google.firebase:firebase-auth:20.0.1] AndroidManifest.xml:27:9-44:20
202            android:name="com.google.firebase.auth.internal.GenericIdpActivity"
202-->[com.google.firebase:firebase-auth:20.0.1] AndroidManifest.xml:28:13-80
203            android:excludeFromRecents="true"
203-->[com.google.firebase:firebase-auth:20.0.1] AndroidManifest.xml:29:13-46
204            android:exported="true"
204-->[com.google.firebase:firebase-auth:20.0.1] AndroidManifest.xml:30:13-36
205            android:launchMode="singleTask"
205-->[com.google.firebase:firebase-auth:20.0.1] AndroidManifest.xml:31:13-44
206            android:theme="@android:style/Theme.Translucent.NoTitleBar" >
206-->[com.google.firebase:firebase-auth:20.0.1] AndroidManifest.xml:32:13-72
207            <intent-filter>
207-->[com.google.firebase:firebase-auth:20.0.1] AndroidManifest.xml:33:13-43:29
208                <action android:name="android.intent.action.VIEW" />
208-->[com.google.firebase:firebase-auth:20.0.1] AndroidManifest.xml:34:17-69
208-->[com.google.firebase:firebase-auth:20.0.1] AndroidManifest.xml:34:25-66
209
210                <category android:name="android.intent.category.DEFAULT" />
210-->[com.google.firebase:firebase-auth:20.0.1] AndroidManifest.xml:36:17-76
210-->[com.google.firebase:firebase-auth:20.0.1] AndroidManifest.xml:36:27-73
211                <category android:name="android.intent.category.BROWSABLE" />
211-->[com.google.firebase:firebase-auth:20.0.1] AndroidManifest.xml:37:17-78
211-->[com.google.firebase:firebase-auth:20.0.1] AndroidManifest.xml:37:27-75
212
213                <data
213-->[com.google.firebase:firebase-auth:20.0.1] AndroidManifest.xml:39:17-42:51
214                    android:host="firebase.auth"
214-->[com.google.firebase:firebase-auth:20.0.1] AndroidManifest.xml:40:21-49
215                    android:path="/"
215-->[com.google.firebase:firebase-auth:20.0.1] AndroidManifest.xml:41:21-37
216                    android:scheme="genericidp" />
216-->[com.google.firebase:firebase-auth:20.0.1] AndroidManifest.xml:42:21-48
217            </intent-filter>
218        </activity>
219        <activity
219-->[com.google.firebase:firebase-auth:20.0.1] AndroidManifest.xml:45:9-62:20
220            android:name="com.google.firebase.auth.internal.RecaptchaActivity"
220-->[com.google.firebase:firebase-auth:20.0.1] AndroidManifest.xml:46:13-79
221            android:excludeFromRecents="true"
221-->[com.google.firebase:firebase-auth:20.0.1] AndroidManifest.xml:47:13-46
222            android:exported="true"
222-->[com.google.firebase:firebase-auth:20.0.1] AndroidManifest.xml:48:13-36
223            android:launchMode="singleTask"
223-->[com.google.firebase:firebase-auth:20.0.1] AndroidManifest.xml:49:13-44
224            android:theme="@android:style/Theme.Translucent.NoTitleBar" >
224-->[com.google.firebase:firebase-auth:20.0.1] AndroidManifest.xml:50:13-72
225            <intent-filter>
225-->[com.google.firebase:firebase-auth:20.0.1] AndroidManifest.xml:51:13-61:29
226                <action android:name="android.intent.action.VIEW" />
226-->[com.google.firebase:firebase-auth:20.0.1] AndroidManifest.xml:34:17-69
226-->[com.google.firebase:firebase-auth:20.0.1] AndroidManifest.xml:34:25-66
227
228                <category android:name="android.intent.category.DEFAULT" />
228-->[com.google.firebase:firebase-auth:20.0.1] AndroidManifest.xml:36:17-76
228-->[com.google.firebase:firebase-auth:20.0.1] AndroidManifest.xml:36:27-73
229                <category android:name="android.intent.category.BROWSABLE" />
229-->[com.google.firebase:firebase-auth:20.0.1] AndroidManifest.xml:37:17-78
229-->[com.google.firebase:firebase-auth:20.0.1] AndroidManifest.xml:37:27-75
230
231                <data
231-->[com.google.firebase:firebase-auth:20.0.1] AndroidManifest.xml:39:17-42:51
232                    android:host="firebase.auth"
232-->[com.google.firebase:firebase-auth:20.0.1] AndroidManifest.xml:40:21-49
233                    android:path="/"
233-->[com.google.firebase:firebase-auth:20.0.1] AndroidManifest.xml:41:21-37
234                    android:scheme="recaptcha" />
234-->[com.google.firebase:firebase-auth:20.0.1] AndroidManifest.xml:42:21-48
235            </intent-filter>
236        </activity>
237
238        <service
238-->[com.google.firebase:firebase-auth:20.0.1] AndroidManifest.xml:64:9-73:19
239            android:name="com.google.firebase.auth.api.fallback.service.FirebaseAuthFallbackService"
239-->[com.google.firebase:firebase-auth:20.0.1] AndroidManifest.xml:65:13-101
240            android:enabled="true"
240-->[com.google.firebase:firebase-auth:20.0.1] AndroidManifest.xml:66:13-35
241            android:exported="false" >
241-->[com.google.firebase:firebase-auth:20.0.1] AndroidManifest.xml:67:13-37
242            <intent-filter>
242-->[com.google.firebase:firebase-auth:20.0.1] AndroidManifest.xml:68:13-72:29
243                <action android:name="com.google.firebase.auth.api.gms.service.START" />
243-->[com.google.firebase:firebase-auth:20.0.1] AndroidManifest.xml:69:17-89
243-->[com.google.firebase:firebase-auth:20.0.1] AndroidManifest.xml:69:25-86
244
245                <category android:name="android.intent.category.DEFAULT" />
245-->[com.google.firebase:firebase-auth:20.0.1] AndroidManifest.xml:36:17-76
245-->[com.google.firebase:firebase-auth:20.0.1] AndroidManifest.xml:36:27-73
246            </intent-filter>
247        </service>
248
249        <provider
249-->[com.google.firebase:firebase-common:19.5.0] AndroidManifest.xml:26:9-31:39
250            android:name="com.google.firebase.provider.FirebaseInitProvider"
250-->[com.google.firebase:firebase-common:19.5.0] AndroidManifest.xml:27:13-77
251            android:authorities="com.techmind.planc.firebaseinitprovider"
251-->[com.google.firebase:firebase-common:19.5.0] AndroidManifest.xml:28:13-72
252            android:directBootAware="true"
252-->[com.google.firebase:firebase-common:19.5.0] AndroidManifest.xml:29:13-43
253            android:exported="false"
253-->[com.google.firebase:firebase-common:19.5.0] AndroidManifest.xml:30:13-37
254            android:initOrder="100" />
254-->[com.google.firebase:firebase-common:19.5.0] AndroidManifest.xml:31:13-36
255
256        <service
256-->[com.google.android.datatransport:transport-backend-cct:2.3.3] AndroidManifest.xml:29:9-35:19
257            android:name="com.google.android.datatransport.runtime.backends.TransportBackendDiscovery"
257-->[com.google.android.datatransport:transport-backend-cct:2.3.3] AndroidManifest.xml:30:13-103
258            android:exported="false" >
258-->[com.google.android.datatransport:transport-backend-cct:2.3.3] AndroidManifest.xml:31:13-37
259            <meta-data
259-->[com.google.android.datatransport:transport-backend-cct:2.3.3] AndroidManifest.xml:32:13-34:39
260                android:name="backend:com.google.android.datatransport.cct.CctBackendFactory"
260-->[com.google.android.datatransport:transport-backend-cct:2.3.3] AndroidManifest.xml:33:17-94
261                android:value="cct" />
261-->[com.google.android.datatransport:transport-backend-cct:2.3.3] AndroidManifest.xml:34:17-36
262        </service> <!-- Needs to be explicitly declared on P+ -->
263        <uses-library
263-->[com.google.android.gms:play-services-maps:17.0.0] AndroidManifest.xml:33:9-35:40
264            android:name="org.apache.http.legacy"
264-->[com.google.android.gms:play-services-maps:17.0.0] AndroidManifest.xml:34:13-50
265            android:required="false" />
265-->[com.google.android.gms:play-services-maps:17.0.0] AndroidManifest.xml:35:13-37
266
267        <activity
267-->[com.google.android.gms:play-services-base:17.1.0] AndroidManifest.xml:23:9-26:75
268            android:name="com.google.android.gms.common.api.GoogleApiActivity"
268-->[com.google.android.gms:play-services-base:17.1.0] AndroidManifest.xml:24:13-79
269            android:exported="false"
269-->[com.google.android.gms:play-services-base:17.1.0] AndroidManifest.xml:25:13-37
270            android:theme="@android:style/Theme.Translucent.NoTitleBar" />
270-->[com.google.android.gms:play-services-base:17.1.0] AndroidManifest.xml:26:13-72
271
272        <meta-data
272-->[com.google.android.gms:play-services-basement:17.1.0] AndroidManifest.xml:23:9-25:69
273            android:name="com.google.android.gms.version"
273-->[com.google.android.gms:play-services-basement:17.1.0] AndroidManifest.xml:24:13-58
274            android:value="@integer/google_play_services_version" />
274-->[com.google.android.gms:play-services-basement:17.1.0] AndroidManifest.xml:25:13-66
275
276        <service
276-->[com.google.android.datatransport:transport-runtime:2.2.5] AndroidManifest.xml:26:9-30:19
277            android:name="com.google.android.datatransport.runtime.scheduling.jobscheduling.JobInfoSchedulerService"
277-->[com.google.android.datatransport:transport-runtime:2.2.5] AndroidManifest.xml:27:13-117
278            android:exported="false"
278-->[com.google.android.datatransport:transport-runtime:2.2.5] AndroidManifest.xml:28:13-37
279            android:permission="android.permission.BIND_JOB_SERVICE" >
279-->[com.google.android.datatransport:transport-runtime:2.2.5] AndroidManifest.xml:29:13-69
280        </service>
281
282        <receiver
282-->[com.google.android.datatransport:transport-runtime:2.2.5] AndroidManifest.xml:32:9-34:40
283            android:name="com.google.android.datatransport.runtime.scheduling.jobscheduling.AlarmManagerSchedulerBroadcastReceiver"
283-->[com.google.android.datatransport:transport-runtime:2.2.5] AndroidManifest.xml:33:13-132
284            android:exported="false" />
284-->[com.google.android.datatransport:transport-runtime:2.2.5] AndroidManifest.xml:34:13-37
285    </application>
286
287</manifest>